# JRE version: Java(TM) SE Runtime Environment (8.0_40-b27) (build 1.8.0_40-b27)
# Java VM: Java HotSpot(TM) 64-Bit Server VM (25.40-b25 mixed mode bsd-amd64 compressed oops)
Heap:
 PSYoungGen      total 304640K, used 304630K [0x00000007aab00000, 0x00000007c0000000, 0x00000007c0000000)
  eden space 286720K, 100% used [0x00000007aab00000,0x00000007bc300000,0x00000007bc300000)
  from space 17920K, 99% used [0x00000007bee80000,0x00000007bfffd8e0,0x00000007c0000000)
  to   space 31232K, 0% used [0x00000007bc300000,0x00000007bc300000,0x00000007be180000)
 ParOldGen       total 151040K, used 63965K [0x0000000780000000, 0x0000000789380000, 0x00000007aab00000)
  object space 151040K, 42% used [0x0000000780000000,0x0000000783e774a0,0x0000000789380000)
 Metaspace       used 58543K, capacity 61498K, committed 61608K, reserved 1101824K
  class space    used 7999K, capacity 9095K, committed 9128K, reserved 1048576K
GC Heap History (10 events):
Event: 7.169 GC heap before
{Heap before GC invocations=11 (full 1):
 PSYoungGen      total 299008K, used 63877K [0x00000007aab00000, 0x00000007c0000000, 0x00000007c0000000)
  eden space 285184K, 17% used [0x00000007aab00000,0x00000007adbe37f8,0x00000007bc180000)
  from space 13824K, 99% used [0x00000007bc180000,0x00000007bcefddd8,0x00000007bcf00000)
  to   space 17408K, 0% used [0x00000007bef00000,0x00000007bef00000,0x00000007c0000000)
 ParOldGen       total 90624K, used 11530K [0x0000000780000000, 0x0000000785880000, 0x00000007aab00000)
  object space 90624K, 12% used [0x0000000780000000,0x0000000780b42810,0x0000000785880000)
 Metaspace       used 33928K, capacity 35296K, committed 35496K, reserved 1079296K
  class space    used 4496K, capacity 5027K, committed 5032K, reserved 1048576K
Event: 7.184 GC heap after
Heap after GC invocations=11 (full 1):
 PSYoungGen      total 330752K, used 11374K [0x00000007aab00000, 0x00000007c0000000, 0x00000007c0000000)
  eden space 313344K, 0% used [0x00000007aab00000,0x00000007aab00000,0x00000007bdd00000)
  from space 17408K, 65% used [0x00000007bef00000,0x00000007bfa1b9f8,0x00000007c0000000)
  to   space 17920K, 0% used [0x00000007bdd00000,0x00000007bdd00000,0x00000007bee80000)
 ParOldGen       total 90624K, used 18413K [0x0000000780000000, 0x0000000785880000, 0x00000007aab00000)
  object space 90624K, 20% used [0x0000000780000000,0x00000007811fb5d8,0x0000000785880000)
 Metaspace       used 33928K, capacity 35296K, committed 35496K, reserved 1079296K
  class space    used 4496K, capacity 5027K, committed 5032K, reserved 1048576K
}
Event: 7.184 GC heap before
{Heap before GC invocations=12 (full 2):
 PSYoungGen      total 330752K, used 11374K [0x00000007aab00000, 0x00000007c0000000, 0x00000007c0000000)
  eden space 313344K, 0% used [0x00000007aab00000,0x00000007aab00000,0x00000007bdd00000)
  from space 17408K, 65% used [0x00000007bef00000,0x00000007bfa1b9f8,0x00000007c0000000)
  to   space 17920K, 0% used [0x00000007bdd00000,0x00000007bdd00000,0x00000007bee80000)
 ParOldGen       total 90624K, used 18413K [0x0000000780000000, 0x0000000785880000, 0x00000007aab00000)
  object space 90624K, 20% used [0x0000000780000000,0x00000007811fb5d8,0x0000000785880000)
 Metaspace       used 33928K, capacity 35296K, committed 35496K, reserved 1079296K
  class space    used 4496K, capacity 5027K, committed 5032K, reserved 1048576K
Event: 7.266 GC heap after
Heap after GC invocations=12 (full 2):
 PSYoungGen      total 330752K, used 0K [0x00000007aab00000, 0x00000007c0000000, 0x00000007c0000000)
  eden space 313344K, 0% used [0x00000007aab00000,0x00000007aab00000,0x00000007bdd00000)
  from space 17408K, 0% used [0x00000007bef00000,0x00000007bef00000,0x00000007c0000000)
  to   space 17920K, 0% used [0x00000007bdd00000,0x00000007bdd00000,0x00000007bee80000)
 ParOldGen       total 151040K, used 26331K [0x0000000780000000, 0x0000000789380000, 0x00000007aab00000)
  object space 151040K, 17% used [0x0000000780000000,0x00000007819b6d10,0x0000000789380000)
 Metaspace       used 33928K, capacity 35296K, committed 35496K, reserved 1079296K
  class space    used 4496K, capacity 5027K, committed 5032K, reserved 1048576K
}
Event: 20.575 GC heap before
{Heap before GC invocations=13 (full 2):
 PSYoungGen      total 330752K, used 288843K [0x00000007aab00000, 0x00000007c0000000, 0x00000007c0000000)
  eden space 313344K, 92% used [0x00000007aab00000,0x00000007bc512cf8,0x00000007bdd00000)
  from space 17408K, 0% used [0x00000007bef00000,0x00000007bef00000,0x00000007c0000000)
  to   space 17920K, 0% used [0x00000007bdd00000,0x00000007bdd00000,0x00000007bee80000)
 ParOldGen       total 151040K, used 26331K [0x0000000780000000, 0x0000000789380000, 0x00000007aab00000)
  object space 151040K, 17% used [0x0000000780000000,0x00000007819b6d10,0x0000000789380000)
 Metaspace       used 46135K, capacity 48440K, committed 48680K, reserved 1091584K
  class space    used 6258K, capacity 7120K, committed 7208K, reserved 1048576K
Event: 20.604 GC heap after
Heap after GC invocations=13 (full 2):
 PSYoungGen      total 331264K, used 17904K [0x00000007aab00000, 0x00000007c0000000, 0x00000007c0000000)
  eden space 313344K, 0% used [0x00000007aab00000,0x00000007aab00000,0x00000007bdd00000)
  from space 17920K, 99% used [0x00000007bdd00000,0x00000007bee7c170,0x00000007bee80000)
  to   space 17920K, 0% used [0x00000007bee80000,0x00000007bee80000,0x00000007c0000000)
 ParOldGen       total 151040K, used 40193K [0x0000000780000000, 0x0000000789380000, 0x00000007aab00000)
  object space 151040K, 26% used [0x0000000780000000,0x00000007827404c8,0x0000000789380000)
 Metaspace       used 46135K, capacity 48440K, committed 48680K, reserved 1091584K
  class space    used 6258K, capacity 7120K, committed 7208K, reserved 1048576K
}
Event: 20.604 GC heap before
{Heap before GC invocations=14 (full 3):
 PSYoungGen      total 331264K, used 17904K [0x00000007aab00000, 0x00000007c0000000, 0x00000007c0000000)
  eden space 313344K, 0% used [0x00000007aab00000,0x00000007aab00000,0x00000007bdd00000)
  from space 17920K, 99% used [0x00000007bdd00000,0x00000007bee7c170,0x00000007bee80000)
  to   space 17920K, 0% used [0x00000007bee80000,0x00000007bee80000,0x00000007c0000000)
 ParOldGen       total 151040K, used 40193K [0x0000000780000000, 0x0000000789380000, 0x00000007aab00000)
  object space 151040K, 26% used [0x0000000780000000,0x00000007827404c8,0x0000000789380000)
 Metaspace       used 46135K, capacity 48440K, committed 48680K, reserved 1091584K
  class space    used 6258K, capacity 7120K, committed 7208K, reserved 1048576K
Event: 20.886 GC heap after
Heap after GC invocations=14 (full 3):
 PSYoungGen      total 331264K, used 0K [0x00000007aab00000, 0x00000007c0000000, 0x00000007c0000000)
  eden space 313344K, 0% used [0x00000007aab00000,0x00000007aab00000,0x00000007bdd00000)
  from space 17920K, 0% used [0x00000007bdd00000,0x00000007bdd00000,0x00000007bee80000)
  to   space 17920K, 0% used [0x00000007bee80000,0x00000007bee80000,0x00000007c0000000)
 ParOldGen       total 151040K, used 52868K [0x0000000780000000, 0x0000000789380000, 0x00000007aab00000)
  object space 151040K, 35% used [0x0000000780000000,0x00000007833a13d8,0x0000000789380000)
 Metaspace       used 45992K, capacity 47938K, committed 48680K, reserved 1091584K
  class space    used 6226K, capacity 6950K, committed 7208K, reserved 1048576K
}
Event: 26.129 GC heap before
{Heap before GC invocations=15 (full 3):
 PSYoungGen      total 331264K, used 313344K [0x00000007aab00000, 0x00000007c0000000, 0x00000007c0000000)
  eden space 313344K, 100% used [0x00000007aab00000,0x00000007bdd00000,0x00000007bdd00000)
  from space 17920K, 0% used [0x00000007bdd00000,0x00000007bdd00000,0x00000007bee80000)
  to   space 17920K, 0% used [0x00000007bee80000,0x00000007bee80000,0x00000007c0000000)
 ParOldGen       total 151040K, used 52868K [0x0000000780000000, 0x0000000789380000, 0x00000007aab00000)
  object space 151040K, 35% used [0x0000000780000000,0x00000007833a13d8,0x0000000789380000)
 Metaspace       used 54917K, capacity 57630K, committed 57896K, reserved 1099776K
  class space    used 7489K, capacity 8439K, committed 8488K, reserved 1048576K
Event: 26.154 GC heap after
Heap after GC invocations=15 (full 3):
 PSYoungGen      total 304640K, used 17910K [0x00000007aab00000, 0x00000007c0000000, 0x00000007c0000000)
  eden space 286720K, 0% used [0x00000007aab00000,0x00000007aab00000,0x00000007bc300000)
  from space 17920K, 99% used [0x00000007bee80000,0x00000007bfffd8e0,0x00000007c0000000)
  to   space 31232K, 0% used [0x00000007bc300000,0x00000007bc300000,0x00000007be180000)
 ParOldGen       total 151040K, used 63965K [0x0000000780000000, 0x0000000789380000, 0x00000007aab00000)
  object space 151040K, 42% used [0x0000000780000000,0x0000000783e774a0,0x0000000789380000)
 Metaspace       used 54917K, capacity 57630K, committed 57896K, reserved 1099776K
  class space    used 7489K, capacity 8439K, committed 8488K, reserved 1048576K
}

